<?xml version="1.0" encoding="UTF-8"?>
<!-- Generated by org.testng.reporters.JUnitReportReporter -->
<testsuite hostname="Mukesh" name="UnitTest.BrowserFactoryTest" tests="2" failures="0" timestamp="26 Sep 2015 17:22:52 GMT" time="28.756" errors="0">
  <testcase name="testChromeBrowser" time="10.595" classname="UnitTest.BrowserFactoryTest"/>
  <testcase name="testFirefoxBrowser" time="18.161" classname="UnitTest.BrowserFactoryTest"/>
</testsuite> <!-- UnitTest.BrowserFactoryTest -->
