<?xml version="1.0" encoding="UTF-8"?>
<!-- Generated by org.testng.reporters.JUnitReportReporter -->
<testsuite hostname="Mukesh" name="TestCases.TC001" tests="1" failures="0" timestamp="2 Oct 2015 14:32:22 GMT" time="47.643" errors="0">
  <testcase name="test123" time="47.643" classname="TestCases.TC001"/>
</testsuite> <!-- TestCases.TC001 -->
