<?xml version="1.0" encoding="UTF-8"?>
<!-- Generated by org.testng.reporters.JUnitReportReporter -->
<testsuite hostname="Mukesh" name="TestCases.End_to_End_testcase" tests="1" failures="0" timestamp="14 Mar 2016 19:43:14 GMT" time="58.270" errors="0">
  <testcase name="search_Login" time="58.270" classname="TestCases.End_to_End_testcase"/>
</testsuite> <!-- TestCases.End_to_End_testcase -->
