<?xml version="1.0" encoding="UTF-8"?>
<!-- Generated by org.testng.reporters.JUnitReportReporter -->
<testsuite hostname="Mukesh" name="UnitTest.DataProviderFactoryTest" tests="2" failures="0" timestamp="26 Sep 2015 17:22:52 GMT" time="0.108" errors="0">
  <testcase name="getConfigObject" time="0.002" classname="UnitTest.DataProviderFactoryTest"/>
  <testcase name="getExcelObject" time="0.106" classname="UnitTest.DataProviderFactoryTest"/>
</testsuite> <!-- UnitTest.DataProviderFactoryTest -->
