<?xml version="1.0" encoding="UTF-8"?>
<!-- Generated by org.testng.reporters.JUnitReportReporter -->
<testsuite hostname="Mukesh" name="UnitTest.DataProviderTest" tests="2" failures="0" timestamp="26 Sep 2015 17:22:52 GMT" time="1.953" errors="0">
  <testcase name="testConfigDataProvider" time="0.115" classname="UnitTest.DataProviderTest"/>
  <testcase name="testExcelDataProvider" time="1.838" classname="UnitTest.DataProviderTest"/>
</testsuite> <!-- UnitTest.DataProviderTest -->
