<?xml version="1.0" encoding="UTF-8"?>
<!-- Generated by org.testng.reporters.JUnitReportReporter -->
<testsuite hostname="Mukesh" name="TestCases.DemoReport" tests="2" failures="0" timestamp="3 Oct 2015 17:16:47 GMT" time="0.125" errors="0">
  <testcase name="testAdvanceReport" time="0.089" classname="TestCases.DemoReport"/>
  <testcase name="testAdvanceReportFailed" time="0.036" classname="TestCases.DemoReport"/>
</testsuite> <!-- TestCases.DemoReport -->
